<?xml version="1.0" encoding="UTF-8"?>
<!-- Generated by org.testng.reporters.JUnitReportReporter -->
<testsuite hostname="DESKTOP-HO8PPFB" failures="0" tests="1" name="com.stores.vemo.cucumberspecifics.TestRunner" time="18.188" errors="0" timestamp="2023-04-06T11:47:03 IST" skipped="0">
  <testcase classname="com.stores.vemo.cucumberspecifics.TestRunner" name="runScenario" time="18.188"/>
  <system-out/>
</testsuite> <!-- com.stores.vemo.cucumberspecifics.TestRunner -->
